<?xml version="1.0" encoding="UTF-8"?>
<!-- Generated by org.testng.reporters.JUnitReportReporter -->
<testsuite hostname="DESKTOP-KS5C8KQ" failures="0" tests="2" name="selenium.day10.excel.TestingUsingExcelsheet" time="0.012" errors="0" timestamp="2023-06-06T15:45:50 IST" skipped="0">
  <testcase classname="selenium.day10.excel.TestingUsingExcelsheet" name="addmethod" time="0.003"/>
  <system-out/>
  <testcase classname="selenium.day10.excel.TestingUsingExcelsheet" name="addmethod" time="0.009"/>
  <system-out/>
</testsuite> <!-- selenium.day10.excel.TestingUsingExcelsheet -->
