<?xml version="1.0" encoding="UTF-8"?>
<!-- Generated by org.testng.reporters.JUnitReportReporter -->
<testsuite hostname="DESKTOP-KS5C8KQ" failures="0" tests="1" name="selenium.day7.question3" time="27.941" errors="0" timestamp="2 Jun 2023 08:51:27 GMT">
  <testcase classname="selenium.day7.question3" name="test" time="27.941"/>
</testsuite> <!-- selenium.day7.question3 -->
