<?xml version="1.0" encoding="UTF-8"?>
<!-- Generated by org.testng.reporters.JUnitReportReporter -->
<testsuite hostname="DESKTOP-KS5C8KQ" failures="0" tests="2" name="selenium.day7.question4" time="10.765" errors="0" timestamp="3 Jun 2023 10:15:10 GMT">
  <testcase classname="selenium.day7.question4" name="Login" time="6.461"/>
  <testcase classname="selenium.day7.question4" name="Logout" time="4.304"/>
</testsuite> <!-- selenium.day7.question4 -->
