<?xml version="1.0" encoding="UTF-8"?>
<!-- Generated by org.testng.reporters.JUnitReportReporter -->
<testsuite hostname="DESKTOP-KS5C8KQ" failures="0" tests="1" name="selenium.day7.NewTest" time="11.908" errors="0" timestamp="2 Jun 2023 09:27:34 GMT">
  <testcase classname="selenium.day7.NewTest" name="VerifyTitle" time="11.908"/>
</testsuite> <!-- selenium.day7.NewTest -->
