<?xml version="1.0" encoding="UTF-8"?>
<!-- Generated by org.testng.reporters.JUnitReportReporter -->
<testsuite hostname="DESKTOP-KS5C8KQ" failures="0" tests="4" name="selenium.day7.question2" time="0.019" errors="0" timestamp="2 Jun 2023 06:18:54 GMT">
  <testcase classname="selenium.day7.question2" name="addition" time="0.011"/>
  <testcase classname="selenium.day7.question2" name="divition" time="0.001"/>
  <testcase classname="selenium.day7.question2" name="subtraction" time="0.005"/>
  <testcase classname="selenium.day7.question2" name="multiplication" time="0.002"/>
</testsuite> <!-- selenium.day7.question2 -->
